{
  "RSpec": {
    "coverage": {
      "/home/ngocnguyen/Desktop/social-media-web/api/app/helpers/application_helper.rb": {
        "lines": [
          1,
          null
        ],
        "branches": {
        }
      },
      "/home/ngocnguyen/Desktop/social-media-web/api/app/controllers/concerns/json_web_token.rb": {
        "lines": [
          1,
          null,
          1,
          1,
          null,
          1,
          15,
          15,
          null,
          null,
          1,
          15,
          15,
          null,
          null
        ],
        "branches": {
        }
      },
      "/home/ngocnguyen/Desktop/social-media-web/api/app/controllers/post_saves_controller.rb": {
        "lines": [
          1,
          1,
          3,
          null,
          3,
          1,
          null,
          2,
          2,
          null,
          null,
          3,
          null,
          3,
          24,
          null,
          null,
          3,
          null,
          null,
          1,
          3,
          null,
          3,
          1,
          null,
          null,
          2,
          null,
          null,
          1,
          4,
          null,
          4,
          1,
          null,
          null,
          3,
          null,
          3,
          1,
          1,
          null,
          null,
          2,
          2,
          2,
          2,
          null,
          2,
          null,
          null,
          1,
          5,
          5,
          1,
          1,
          null,
          null,
          4,
          2,
          null,
          2,
          null,
          null,
          null,
          1,
          1,
          10,
          null,
          10,
          5,
          null,
          null,
          5,
          null,
          null
        ],
        "branches": {
          "[:if, 0, 5, 4, 10, 7]": {
            "[:then, 1, 6, 6, 6, 91]": 1,
            "[:else, 2, 8, 6, 9, 135]": 2
          },
          "[:if, 3, 24, 4, 26, 7]": {
            "[:then, 4, 25, 6, 25, 12]": 1,
            "[:else, 5, 24, 4, 26, 7]": 2
          },
          "[:if, 6, 34, 4, 36, 7]": {
            "[:then, 7, 35, 6, 35, 12]": 1,
            "[:else, 8, 34, 4, 36, 7]": 3
          },
          "[:if, 9, 40, 4, 43, 7]": {
            "[:then, 10, 41, 6, 42, 12]": 1,
            "[:else, 11, 40, 4, 43, 7]": 2
          },
          "[:if, 12, 55, 4, 58, 7]": {
            "[:then, 13, 56, 6, 57, 12]": 1,
            "[:else, 14, 55, 4, 58, 7]": 4
          },
          "[:if, 15, 60, 4, 64, 7]": {
            "[:then, 16, 61, 6, 61, 82]": 2,
            "[:else, 17, 63, 6, 63, 60]": 2
          },
          "[:if, 18, 71, 4, 73, 7]": {
            "[:then, 19, 72, 6, 72, 16]": 5,
            "[:else, 20, 71, 4, 73, 7]": 5
          }
        }
      },
      "/home/ngocnguyen/Desktop/social-media-web/api/app/controllers/application_controller.rb": {
        "lines": [
          1,
          1,
          1,
          1,
          1,
          null,
          1,
          1,
          0,
          null,
          0,
          0,
          null,
          0,
          0,
          null,
          0,
          null,
          null,
          null,
          0,
          null,
          null,
          null,
          1,
          0,
          0,
          0,
          0,
          0,
          null,
          null,
          null,
          null,
          null,
          1,
          0,
          0,
          0,
          0,
          null,
          0,
          null,
          null,
          null,
          null,
          null,
          1,
          0,
          0,
          0,
          null,
          0,
          null,
          null,
          null,
          null,
          null,
          null,
          1,
          0,
          0,
          null,
          null,
          0,
          0,
          0,
          0,
          null,
          null,
          null,
          null,
          null,
          null,
          null,
          1,
          0,
          null,
          0,
          0,
          0,
          null,
          null,
          null,
          null,
          null,
          null,
          1,
          24,
          null,
          24,
          24,
          24,
          24,
          null,
          24,
          0,
          null,
          null,
          24,
          null,
          null,
          24,
          null,
          null,
          null,
          null,
          null,
          1,
          0,
          null,
          0,
          0,
          0,
          null,
          null,
          0,
          null,
          null,
          null,
          null,
          1,
          31,
          31,
          2,
          2,
          null,
          29,
          null,
          null,
          null,
          1,
          24,
          null,
          24,
          0,
          null,
          null,
          24,
          null,
          24,
          null,
          24,
          null,
          24,
          24,
          24,
          24,
          24,
          null,
          null,
          24,
          24,
          null,
          24,
          null,
          0,
          0,
          null,
          null,
          null,
          24,
          null,
          null,
          null,
          1,
          0,
          null,
          0,
          0,
          0,
          null,
          0,
          null,
          null,
          0,
          null,
          0,
          0,
          null,
          0,
          null,
          null,
          null,
          0,
          null,
          0,
          0,
          0,
          0,
          0,
          0,
          null,
          null,
          0,
          0,
          null,
          0,
          0,
          null,
          0,
          null,
          null,
          null,
          0,
          0,
          null,
          null,
          0,
          null,
          0,
          null,
          0,
          0,
          null,
          null,
          null,
          0,
          null,
          null,
          null,
          1,
          0,
          null,
          0,
          0,
          null,
          0,
          0,
          null,
          null,
          0,
          null,
          0,
          0,
          0,
          0,
          0,
          0,
          null,
          null,
          0,
          0,
          null,
          0,
          0,
          null,
          0,
          null,
          null,
          null,
          0,
          0,
          null,
          null,
          0,
          null,
          0,
          null,
          0,
          0,
          null,
          null,
          null,
          0,
          null,
          null,
          null,
          null,
          1,
          0,
          0,
          0,
          0,
          null,
          0,
          null,
          null,
          null,
          1,
          0,
          null,
          0,
          0,
          null,
          null,
          0,
          null,
          0,
          null,
          0,
          null,
          0,
          0,
          null,
          0,
          null,
          0,
          0,
          null,
          null,
          null,
          0,
          null,
          null,
          1,
          null,
          null,
          1,
          15,
          15,
          15,
          15,
          15,
          null,
          0,
          null,
          null,
          null,
          null,
          null,
          1,
          0,
          0,
          0,
          0,
          0,
          null,
          null,
          null,
          1,
          15,
          15,
          15,
          null,
          null,
          null
        ],
        "branches": {
          "[:if, 0, 14, 6, 18, 9]": {
            "[:then, 1, 15, 8, 15, 62]": 0,
            "[:else, 2, 17, 8, 17, 53]": 0
          },
          "[:if, 3, 26, 4, 31, 7]": {
            "[:then, 4, 27, 6, 30, 24]": 0,
            "[:else, 5, 26, 4, 31, 7]": 0
          },
          "[:if, 6, 38, 4, 41, 7]": {
            "[:then, 7, 39, 6, 40, 18]": 0,
            "[:else, 8, 38, 4, 41, 7]": 0
          },
          "[:if, 9, 49, 4, 52, 7]": {
            "[:then, 10, 50, 6, 51, 18]": 0,
            "[:else, 11, 49, 4, 52, 7]": 0
          },
          "[:if, 12, 61, 4, 63, 7]": {
            "[:then, 13, 62, 6, 62, 12]": 0,
            "[:else, 14, 61, 4, 63, 7]": 0
          },
          "[:if, 15, 67, 6, 69, 9]": {
            "[:then, 16, 68, 8, 68, 29]": 0,
            "[:else, 17, 67, 6, 69, 9]": 0
          },
          "[:if, 18, 112, 4, 115, 7]": {
            "[:then, 19, 113, 6, 114, 18]": 0,
            "[:else, 20, 112, 4, 115, 7]": 0
          },
          "[:if, 21, 124, 4, 127, 7]": {
            "[:then, 22, 125, 6, 126, 18]": 2,
            "[:else, 23, 124, 4, 127, 7]": 29
          },
          "[:if, 24, 135, 4, 137, 7]": {
            "[:then, 25, 136, 6, 136, 18]": 0,
            "[:else, 26, 135, 4, 137, 7]": 24
          },
          "[:if, 27, 145, 4, 150, 7]": {
            "[:then, 28, 146, 6, 149, 49]": 24,
            "[:else, 29, 145, 4, 150, 7]": 0
          },
          "[:if, 30, 155, 6, 159, 9]": {
            "[:then, 31, 155, 20, 155, 20]": 24,
            "[:else, 32, 157, 8, 158, 50]": 0
          },
          "[:if, 33, 152, 4, 160, 7]": {
            "[:then, 34, 153, 6, 159, 9]": 24,
            "[:else, 35, 152, 4, 160, 7]": 0
          },
          "[:if, 36, 170, 6, 174, 9]": {
            "[:then, 37, 171, 8, 171, 97]": 0,
            "[:else, 38, 173, 8, 173, 49]": 0
          },
          "[:if, 39, 178, 6, 182, 9]": {
            "[:then, 40, 179, 8, 179, 141]": 0,
            "[:else, 41, 181, 8, 181, 89]": 0
          },
          "[:if, 42, 169, 4, 183, 7]": {
            "[:then, 43, 170, 6, 174, 9]": 0,
            "[:else, 44, 176, 6, 182, 9]": 0
          },
          "[:if, 45, 188, 6, 193, 9]": {
            "[:then, 46, 189, 8, 192, 51]": 0,
            "[:else, 47, 188, 6, 193, 9]": 0
          },
          "[:if, 48, 198, 6, 202, 9]": {
            "[:then, 49, 199, 8, 199, 76]": 0,
            "[:else, 50, 201, 8, 201, 37]": 0
          },
          "[:if, 51, 205, 6, 207, 9]": {
            "[:then, 52, 206, 8, 206, 12]": 0,
            "[:else, 53, 205, 6, 207, 9]": 0
          },
          "[:if, 54, 211, 6, 215, 9]": {
            "[:then, 55, 211, 20, 211, 20]": 0,
            "[:else, 56, 213, 8, 214, 50]": 0
          },
          "[:if, 57, 225, 4, 230, 7]": {
            "[:then, 58, 226, 6, 226, 62]": 0,
            "[:else, 59, 228, 6, 229, 106]": 0
          },
          "[:if, 60, 235, 6, 240, 9]": {
            "[:then, 61, 236, 8, 239, 51]": 0,
            "[:else, 62, 235, 6, 240, 9]": 0
          },
          "[:if, 63, 245, 6, 249, 9]": {
            "[:then, 64, 246, 8, 246, 76]": 0,
            "[:else, 65, 248, 8, 248, 37]": 0
          },
          "[:if, 66, 252, 6, 254, 9]": {
            "[:then, 67, 253, 8, 253, 12]": 0,
            "[:else, 68, 252, 6, 254, 9]": 0
          },
          "[:if, 69, 258, 6, 262, 9]": {
            "[:then, 70, 258, 20, 258, 20]": 0,
            "[:else, 71, 260, 8, 261, 50]": 0
          },
          "[:if, 72, 272, 4, 275, 7]": {
            "[:then, 73, 273, 6, 274, 18]": 0,
            "[:else, 74, 272, 4, 275, 7]": 0
          },
          "[:if, 75, 283, 4, 285, 7]": {
            "[:then, 76, 284, 6, 284, 18]": 0,
            "[:else, 77, 283, 4, 285, 7]": 0
          },
          "[:if, 78, 296, 6, 300, 9]": {
            "[:then, 79, 296, 23, 296, 23]": 0,
            "[:else, 80, 298, 8, 299, 53]": 0
          },
          "[:if, 81, 293, 4, 301, 7]": {
            "[:then, 82, 294, 6, 300, 9]": 0,
            "[:else, 83, 293, 4, 301, 7]": 0
          },
          "[:if, 84, 311, 4, 318, 7]": {
            "[:then, 85, 312, 6, 314, 50]": 15,
            "[:else, 86, 316, 6, 317, 34]": 0
          },
          "[:if, 87, 324, 4, 328, 7]": {
            "[:then, 88, 325, 6, 327, 56]": 0,
            "[:else, 89, 324, 4, 328, 7]": 0
          },
          "[:if, 90, 332, 4, 335, 7]": {
            "[:then, 91, 333, 6, 334, 24]": 15,
            "[:else, 92, 332, 4, 335, 7]": 0
          }
        }
      },
      "/home/ngocnguyen/Desktop/social-media-web/api/app/models/user.rb": {
        "lines": [
          1,
          1,
          1,
          null,
          1,
          null,
          null,
          null,
          null,
          null,
          1,
          null,
          null,
          null,
          null,
          1,
          null,
          null,
          1,
          null,
          1,
          null,
          1,
          42,
          null,
          null
        ],
        "branches": {
        }
      },
      "/home/ngocnguyen/Desktop/social-media-web/api/app/models/application_record.rb": {
        "lines": [
          1,
          1,
          null
        ],
        "branches": {
        }
      },
      "/home/ngocnguyen/Desktop/social-media-web/api/app/models/post.rb": {
        "lines": [
          1,
          1,
          null,
          1,
          1,
          null,
          1,
          1,
          null,
          1,
          null,
          1,
          null,
          null,
          1,
          null,
          null
        ],
        "branches": {
        }
      },
      "/home/ngocnguyen/Desktop/social-media-web/api/app/models/post_save.rb": {
        "lines": [
          1,
          1,
          1,
          null
        ],
        "branches": {
        }
      },
      "/home/ngocnguyen/Desktop/social-media-web/api/app/models/image.rb": {
        "lines": [
          1,
          1,
          1,
          1,
          null,
          1,
          null
        ],
        "branches": {
        }
      },
      "/home/ngocnguyen/Desktop/social-media-web/api/app/models/user_info.rb": {
        "lines": [
          1,
          1,
          null,
          null,
          1,
          null,
          null,
          1,
          null,
          null,
          1,
          null,
          null,
          1,
          1,
          null,
          1,
          null,
          null,
          null,
          1,
          1,
          0,
          0,
          null,
          null,
          null
        ],
        "branches": {
          "[:if, 0, 23, 4, 25, 7]": {
            "[:then, 1, 24, 6, 24, 76]": 0,
            "[:else, 2, 23, 4, 25, 7]": 0
          }
        }
      },
      "/home/ngocnguyen/Desktop/social-media-web/api/app/models/post_comment.rb": {
        "lines": [
          1,
          1,
          null,
          1,
          1,
          null,
          1,
          null
        ],
        "branches": {
        }
      },
      "/home/ngocnguyen/Desktop/social-media-web/api/app/models/reacts_post.rb": {
        "lines": [
          1,
          1,
          1,
          1,
          null
        ],
        "branches": {
        }
      },
      "/home/ngocnguyen/Desktop/social-media-web/api/app/channels/application_cable/channel.rb": {
        "lines": [
          0,
          0,
          0,
          0
        ],
        "branches": {
        }
      },
      "/home/ngocnguyen/Desktop/social-media-web/api/app/channels/application_cable/connection.rb": {
        "lines": [
          0,
          0,
          0,
          0
        ],
        "branches": {
        }
      },
      "/home/ngocnguyen/Desktop/social-media-web/api/app/controllers/admins_controller.rb": {
        "lines": [
          0,
          null,
          0,
          0,
          null,
          0,
          0,
          null,
          0,
          0,
          0,
          0,
          0,
          0,
          null,
          0,
          null,
          0,
          0,
          null,
          0,
          0,
          0,
          0,
          0,
          null,
          0,
          0,
          null,
          0,
          0,
          null,
          0,
          0,
          null,
          0,
          0,
          0,
          0,
          0,
          0,
          null,
          0,
          null,
          0,
          0,
          0,
          0,
          null,
          0,
          0,
          null,
          0,
          0,
          null,
          0,
          0,
          0,
          null,
          0,
          0,
          0,
          0,
          0,
          0,
          null,
          0,
          0,
          null,
          0,
          0,
          0,
          null,
          0,
          0,
          0,
          0,
          0,
          0,
          null,
          0,
          0,
          0,
          0,
          0,
          0,
          0,
          null,
          0,
          0,
          0,
          0
        ],
        "branches": {
        }
      },
      "/home/ngocnguyen/Desktop/social-media-web/api/app/controllers/authentication_controller.rb": {
        "lines": [
          0,
          0,
          null,
          0,
          0,
          0,
          0,
          0,
          0,
          0,
          0,
          0,
          0,
          0,
          0
        ],
        "branches": {
        }
      },
      "/home/ngocnguyen/Desktop/social-media-web/api/app/controllers/dashboard_controller.rb": {
        "lines": [
          0,
          null,
          0,
          0,
          0,
          null,
          0,
          0,
          0,
          0,
          null,
          0,
          null,
          0,
          0,
          null,
          0,
          null,
          null,
          0,
          null,
          0,
          0,
          0,
          null,
          0,
          0,
          null,
          null,
          0,
          null,
          null,
          0,
          0,
          null,
          0,
          0,
          null,
          0,
          0,
          0,
          0,
          null,
          0,
          0,
          0,
          0,
          0,
          0,
          null,
          0,
          0,
          0,
          0,
          0,
          0,
          null,
          0,
          0,
          0,
          0,
          0,
          0,
          0,
          0,
          0,
          0,
          0,
          0,
          0,
          0,
          0,
          0,
          0,
          null,
          null,
          0,
          0,
          0,
          0,
          0,
          0,
          null,
          null,
          0,
          0,
          0,
          0,
          0,
          0,
          null,
          0,
          0,
          null,
          0,
          0,
          null,
          0,
          0,
          0,
          0,
          null,
          0,
          null,
          0,
          0,
          0,
          0,
          0,
          0,
          null,
          0,
          null,
          0,
          0,
          0,
          0,
          0,
          0,
          0,
          null,
          0,
          null,
          0,
          null,
          0,
          0,
          0,
          0,
          0,
          0,
          null,
          0,
          0,
          null,
          0,
          0,
          null,
          0,
          0,
          0,
          0,
          null,
          0,
          null,
          0,
          0,
          null,
          0,
          null,
          null,
          0,
          null,
          0,
          0,
          0,
          null,
          0,
          0,
          null,
          null,
          0,
          null,
          null,
          0,
          0,
          null,
          0,
          0,
          null,
          0,
          0,
          0,
          0,
          null,
          0,
          0,
          0,
          0,
          0,
          0,
          null,
          0,
          0,
          0,
          0,
          0,
          0,
          null,
          0,
          0,
          0,
          0,
          0,
          0,
          0,
          null,
          0,
          0,
          0,
          0,
          0,
          0,
          0,
          0,
          0,
          0,
          0,
          0,
          0,
          0,
          0,
          0,
          0,
          0,
          0,
          0,
          0,
          0,
          0,
          0,
          0,
          0,
          null,
          0,
          0,
          null,
          null,
          0,
          0,
          0,
          null,
          null,
          0,
          0,
          0,
          null,
          0,
          0,
          null,
          0,
          0,
          0,
          0,
          null,
          0,
          0,
          null,
          0,
          0,
          0,
          0,
          0,
          0,
          0,
          0,
          0,
          0,
          0,
          0,
          0,
          0,
          0,
          null,
          0,
          0,
          0,
          null,
          0,
          0,
          0,
          0,
          0,
          0,
          0,
          0,
          0,
          0,
          0,
          0,
          0,
          0,
          0,
          0,
          0,
          0,
          0,
          0,
          0,
          0,
          0,
          0,
          0,
          0,
          null,
          0,
          0,
          0
        ],
        "branches": {
        }
      },
      "/home/ngocnguyen/Desktop/social-media-web/api/app/controllers/friends_controller.rb": {
        "lines": [
          0,
          null,
          0,
          0,
          null,
          0,
          0,
          null,
          0,
          null,
          0,
          null,
          0,
          0,
          0,
          0,
          0,
          null,
          0,
          null,
          0,
          0,
          0,
          0,
          0,
          0,
          null,
          0,
          null,
          0,
          0,
          0,
          0,
          null,
          0,
          0,
          null,
          0,
          0,
          0,
          0,
          0,
          0,
          0,
          0,
          null,
          0,
          0,
          0,
          0,
          0,
          0,
          null,
          0,
          0,
          null,
          0,
          0,
          null,
          null,
          0,
          0,
          0,
          0,
          null,
          null,
          0,
          0,
          null,
          0,
          0,
          0,
          0,
          null,
          0,
          null,
          0,
          0,
          null,
          null,
          0,
          0,
          null,
          0,
          0,
          null,
          null,
          0,
          0,
          null,
          0,
          0,
          null,
          null,
          0,
          0,
          0,
          null,
          0,
          0,
          0,
          null,
          0,
          0,
          0,
          0,
          null,
          0,
          0,
          0,
          0,
          null,
          0,
          0,
          0,
          0,
          0,
          null,
          0,
          0,
          0,
          0,
          0,
          0,
          null,
          null,
          0,
          0,
          0,
          null,
          0,
          0,
          0,
          null,
          0,
          null,
          0,
          0,
          0,
          0,
          0,
          0,
          0,
          0,
          null,
          0,
          0,
          null,
          0,
          0,
          0,
          null,
          0,
          0,
          0,
          null,
          0,
          0,
          0,
          0,
          0,
          0,
          null,
          null,
          0,
          0,
          0,
          null,
          0,
          0,
          0,
          null,
          0,
          null,
          0,
          0,
          0,
          0,
          0,
          0,
          0,
          0,
          null,
          0,
          0,
          0,
          0,
          0,
          0,
          null,
          0,
          null,
          null,
          null,
          0,
          null,
          0,
          0,
          0,
          0,
          null,
          null,
          0,
          0,
          0,
          0,
          null,
          null,
          0,
          null,
          0,
          0,
          0,
          0,
          null,
          0,
          0,
          null,
          null,
          null,
          null,
          0,
          0,
          0,
          0,
          null,
          null,
          null,
          null,
          0,
          0,
          null,
          0,
          0,
          0,
          0,
          0,
          0,
          null,
          null,
          null,
          null,
          null,
          0,
          0,
          null,
          0,
          0,
          0,
          0,
          0,
          0,
          null,
          0,
          null,
          0,
          0,
          null,
          0,
          0,
          0,
          0,
          0,
          null,
          0,
          0,
          null,
          0,
          0,
          null,
          null,
          null,
          0,
          0,
          null,
          0,
          0,
          0,
          0,
          0,
          0,
          null,
          0,
          null,
          0,
          0,
          null,
          0,
          0,
          null,
          0,
          0,
          0
        ],
        "branches": {
        }
      },
      "/home/ngocnguyen/Desktop/social-media-web/api/app/controllers/images_controller.rb": {
        "lines": [
          0,
          0,
          null,
          null,
          null,
          0,
          0,
          null,
          0,
          0,
          0,
          0,
          0,
          0,
          0,
          0,
          0,
          0,
          0,
          null,
          0,
          null,
          0,
          0,
          0,
          0
        ],
        "branches": {
        }
      },
      "/home/ngocnguyen/Desktop/social-media-web/api/app/controllers/post_comments_controller.rb": {
        "lines": [
          0,
          null,
          0,
          0,
          null,
          null,
          null,
          0,
          0,
          null,
          0,
          null,
          0,
          0,
          0,
          null,
          0,
          null,
          0,
          null,
          0,
          0,
          0,
          0,
          null,
          0,
          0,
          0,
          null,
          0,
          0,
          0,
          0,
          0,
          0,
          0,
          0,
          null,
          0,
          0,
          0,
          0,
          0,
          0,
          0,
          0,
          0,
          0,
          0,
          0,
          0,
          0,
          null,
          null,
          0,
          null,
          0,
          0,
          0,
          0,
          null,
          0,
          0,
          null,
          0,
          0,
          null,
          0,
          0,
          0,
          null,
          0,
          0,
          null,
          null,
          0,
          0,
          0,
          0,
          null,
          0,
          null,
          null,
          0,
          0,
          0,
          0,
          0,
          0,
          null,
          null,
          0,
          null,
          0,
          0,
          0,
          null,
          0,
          0,
          0,
          0,
          0,
          0,
          0,
          0,
          null,
          0,
          0,
          null,
          0,
          0,
          0,
          null,
          0,
          0,
          0,
          null,
          0,
          null,
          null,
          0,
          0,
          0,
          null,
          0,
          0,
          0,
          null,
          0,
          0,
          0,
          0,
          0,
          0,
          null,
          0,
          0,
          null,
          0,
          0,
          0,
          null,
          0,
          null,
          0,
          0,
          0,
          null,
          0,
          0,
          0,
          null,
          null,
          0,
          null,
          0,
          0,
          0,
          0,
          0,
          0,
          0,
          0,
          null,
          0,
          0,
          null,
          0,
          0,
          0,
          null,
          0,
          0,
          0,
          null,
          0,
          0,
          0,
          0,
          0,
          0,
          null,
          0,
          0,
          0,
          0,
          null,
          0,
          0,
          0,
          0
        ],
        "branches": {
        }
      },
      "/home/ngocnguyen/Desktop/social-media-web/api/app/controllers/posts_controller.rb": {
        "lines": [
          0,
          null,
          0,
          null,
          0,
          null,
          0,
          null,
          0,
          null,
          0,
          0,
          0,
          0,
          0,
          null,
          0,
          null,
          0,
          0,
          null,
          0,
          null,
          0,
          null,
          0,
          0,
          0,
          null,
          0,
          null,
          0,
          0,
          null,
          0,
          0,
          null,
          0,
          0,
          null,
          0,
          0,
          null,
          0,
          0,
          0,
          0,
          0,
          null,
          0,
          0,
          null,
          0,
          0,
          null,
          null,
          0,
          null,
          0,
          0,
          0,
          0,
          0,
          0,
          0,
          0,
          0,
          0,
          null,
          0,
          0,
          null,
          0,
          0,
          0,
          null,
          0,
          0,
          0,
          0,
          0,
          0,
          0,
          null,
          0,
          0,
          null,
          0,
          0,
          0,
          null,
          0,
          0,
          0,
          0,
          0,
          null,
          0,
          0,
          null,
          0,
          0,
          null,
          0,
          0,
          null,
          0,
          0,
          null,
          0,
          0,
          0,
          null,
          0,
          0,
          0,
          null,
          0,
          null,
          null,
          0,
          0,
          0,
          null,
          0,
          0,
          0,
          0,
          0,
          0,
          null,
          0,
          0,
          null,
          0,
          0,
          0,
          null,
          0,
          0,
          0,
          null,
          null,
          0,
          null,
          0,
          0,
          0,
          0,
          0,
          0,
          null,
          0,
          0,
          null,
          0,
          0,
          0,
          null,
          0,
          0,
          0,
          null,
          0,
          0,
          0,
          null,
          0,
          0,
          0,
          0,
          null,
          0,
          0,
          0,
          0
        ],
        "branches": {
        }
      },
      "/home/ngocnguyen/Desktop/social-media-web/api/app/controllers/reacts_post_comments_controller.rb": {
        "lines": [
          0,
          null,
          0,
          0,
          null,
          0,
          0,
          0,
          null,
          0,
          null,
          0,
          0,
          0,
          null,
          null,
          0,
          null,
          0,
          0,
          0,
          0,
          0,
          0,
          0,
          0,
          null,
          0,
          0,
          0,
          null,
          null,
          0,
          0,
          null,
          0,
          0,
          0,
          null,
          null,
          0,
          null,
          0,
          0,
          null,
          0,
          0,
          0,
          0,
          0,
          0,
          null,
          0,
          0,
          0,
          0,
          0,
          0
        ],
        "branches": {
        }
      },
      "/home/ngocnguyen/Desktop/social-media-web/api/app/controllers/reacts_posts_controller.rb": {
        "lines": [
          0,
          null,
          0,
          0,
          null,
          0,
          0,
          0,
          null,
          0,
          null,
          0,
          0,
          0,
          null,
          null,
          0,
          null,
          0,
          0,
          0,
          0,
          0,
          0,
          0,
          0,
          null,
          0,
          0,
          0,
          null,
          null,
          0,
          0,
          null,
          0,
          0,
          0,
          null,
          null,
          0,
          null,
          0,
          0,
          null,
          0,
          0,
          0,
          0,
          0,
          0,
          null,
          0,
          0,
          0,
          0,
          0,
          0
        ],
        "branches": {
        }
      },
      "/home/ngocnguyen/Desktop/social-media-web/api/app/controllers/sessions_controller.rb": {
        "lines": [
          0,
          0,
          null,
          0,
          0,
          0,
          0,
          0,
          null,
          0,
          0,
          null,
          0,
          0,
          0,
          0,
          0,
          null,
          0,
          0,
          0
        ],
        "branches": {
        }
      },
      "/home/ngocnguyen/Desktop/social-media-web/api/app/controllers/user_infos_controller.rb": {
        "lines": [
          0,
          null,
          0,
          null,
          null,
          null,
          null,
          0,
          0,
          0,
          0,
          null,
          null,
          null,
          0,
          0,
          null,
          0,
          null,
          0,
          0,
          0,
          0,
          null,
          0,
          0,
          null,
          0,
          0,
          null,
          0,
          0,
          0,
          0,
          0,
          0,
          0,
          0,
          null,
          null,
          0,
          0,
          null,
          0,
          0,
          0,
          0,
          null,
          0,
          0,
          0,
          0,
          null,
          null,
          0,
          0,
          null,
          0,
          0,
          0,
          0,
          null,
          0,
          0,
          0,
          0,
          null,
          0,
          null,
          0,
          0,
          null,
          null,
          null,
          0,
          0,
          0,
          0,
          0,
          0,
          0,
          0,
          0,
          0,
          0,
          0,
          null,
          null,
          null,
          0,
          0,
          null,
          0,
          0,
          0,
          0,
          null,
          0,
          0,
          0,
          0,
          0,
          null,
          null,
          0,
          0,
          0,
          0,
          0,
          0,
          0,
          0,
          0
        ],
        "branches": {
        }
      },
      "/home/ngocnguyen/Desktop/social-media-web/api/app/controllers/users_controller.rb": {
        "lines": [
          0,
          null,
          0,
          0,
          null,
          0,
          0,
          0,
          0,
          null,
          0,
          null,
          null,
          0,
          0,
          0,
          0,
          null,
          0,
          0,
          0,
          0,
          0,
          0,
          0,
          0,
          0,
          0,
          null,
          null,
          null,
          0,
          0,
          0,
          0,
          0,
          0,
          null,
          0,
          0,
          0,
          0,
          0,
          0,
          0,
          0,
          null,
          0,
          0,
          0,
          0,
          null,
          0,
          0,
          0,
          0,
          0,
          0,
          0,
          null,
          0,
          0,
          0,
          0
        ],
        "branches": {
        }
      },
      "/home/ngocnguyen/Desktop/social-media-web/api/app/enum/enum.rb": {
        "lines": [
          0,
          0,
          0,
          0,
          0,
          null,
          0,
          0,
          0,
          0,
          0,
          0,
          0,
          0,
          null,
          0,
          0,
          0,
          0,
          0,
          null,
          0,
          0,
          0,
          0,
          0,
          null,
          0,
          0,
          0,
          0,
          0,
          null,
          0,
          0,
          0,
          0,
          0,
          null,
          null,
          0,
          0,
          0,
          0,
          0,
          null,
          null,
          0,
          0,
          0,
          0,
          0,
          0,
          null,
          null,
          0,
          0,
          0,
          0,
          0,
          0,
          0,
          null,
          null,
          0,
          0,
          0,
          0,
          0,
          0,
          0,
          0,
          null,
          null,
          0,
          0,
          0,
          0,
          0
        ],
        "branches": {
        }
      },
      "/home/ngocnguyen/Desktop/social-media-web/api/app/jobs/application_job.rb": {
        "lines": [
          0,
          null,
          null,
          null,
          null,
          null,
          0
        ],
        "branches": {
        }
      },
      "/home/ngocnguyen/Desktop/social-media-web/api/app/mailers/application_mailer.rb": {
        "lines": [
          0,
          0,
          0,
          0
        ],
        "branches": {
        }
      },
      "/home/ngocnguyen/Desktop/social-media-web/api/app/models/friend.rb": {
        "lines": [
          0,
          0
        ],
        "branches": {
        }
      },
      "/home/ngocnguyen/Desktop/social-media-web/api/app/models/login_history.rb": {
        "lines": [
          0,
          0
        ],
        "branches": {
        }
      },
      "/home/ngocnguyen/Desktop/social-media-web/api/app/models/react.rb": {
        "lines": [
          0,
          0,
          0,
          null,
          0,
          0,
          0
        ],
        "branches": {
        }
      },
      "/home/ngocnguyen/Desktop/social-media-web/api/app/models/reacts_post_comment.rb": {
        "lines": [
          0,
          0,
          0,
          0,
          0
        ],
        "branches": {
        }
      },
      "/home/ngocnguyen/Desktop/social-media-web/api/app/models/tag.rb": {
        "lines": [
          0,
          0,
          0
        ],
        "branches": {
        }
      }
    },
    "timestamp": 1701328472
  }
}
